<?xml version="1.0" encoding="UTF-8"?>
<!-- Generated by org.testng.reporters.JUnitReportReporter -->
<testsuite skipped="0" hostname="DESKTOP-VGU5P9Q" name="TestNG.EmailableReport" tests="3" failures="0" timestamp="2020-12-02T08:18:03 IST" time="0.007" errors="0">
  <testcase name="TC1" time="0.006" classname="TestNG.EmailableReport"/>
  <system-out>
running TC1...  </system-out>
  <testcase name="TC3" time="0.000" classname="TestNG.EmailableReport"/>
  <system-out>
running TC3...  </system-out>
  <testcase name="TC2" time="0.001" classname="TestNG.EmailableReport"/>
  <system-out>
running TC2...  </system-out>
</testsuite> <!-- TestNG.EmailableReport -->
