<?xml version="1.0" encoding="UTF-8"?>
<!-- Generated by org.testng.reporters.JUnitReportReporter -->
<testsuite skipped="0" hostname="DESKTOP-VGU5P9Q" name="TestNG.sample2" tests="2" failures="0" timestamp="2020-12-02T08:35:36 IST" time="0.006" errors="0">
  <testcase name="TC3" time="0.005" classname="TestNG.sample2"/>
  <system-out>
running TC3  </system-out>
  <testcase name="TC4" time="0.001" classname="TestNG.sample2"/>
  <system-out>
running TC4  </system-out>
</testsuite> <!-- TestNG.sample2 -->
