<?xml version="1.0" encoding="UTF-8"?>
<!-- Generated by org.testng.reporters.JUnitReportReporter -->
<testsuite skipped="0" hostname="DESKTOP-VGU5P9Q" name="TestNG.sample" tests="2" failures="0" timestamp="2020-11-30T09:59:01 IST" time="0.004" errors="0">
  <testcase name="TC2" time="0.000" classname="TestNG.sample"/>
  <system-out/>
  <testcase name="TC1" time="0.004" classname="TestNG.sample"/>
  <system-out/>
</testsuite> <!-- TestNG.sample -->
