<?xml version="1.0" encoding="UTF-8"?>
<!-- Generated by org.testng.reporters.JUnitReportReporter -->
<testsuite skipped="0" hostname="DESKTOP-VGU5P9Q" name="TestNG.sample1" tests="2" failures="0" timestamp="2020-12-02T08:33:51 IST" time="0.006" errors="0">
  <testcase name="TC1" time="0.005" classname="TestNG.sample1"/>
  <system-out>
running TC1  </system-out>
  <testcase name="TC2" time="0.001" classname="TestNG.sample1"/>
  <system-out>
running TC2  </system-out>
</testsuite> <!-- TestNG.sample1 -->
