<?xml version="1.0" encoding="UTF-8"?>
<!-- Generated by org.testng.reporters.JUnitReportReporter -->
<testsuite skipped="0" hostname="DESKTOP-VGU5P9Q" name="TestNG.sample3" tests="2" failures="0" timestamp="2020-12-02T08:35:36 IST" time="0.001" errors="0">
  <testcase name="TC6" time="0.001" classname="TestNG.sample3"/>
  <system-out>
running TC6  </system-out>
  <testcase name="TC5" time="0.000" classname="TestNG.sample3"/>
  <system-out>
running TC5  </system-out>
</testsuite> <!-- TestNG.sample3 -->
