<?xml version="1.0" encoding="UTF-8"?>
<!-- Generated by org.testng.reporters.JUnitReportReporter -->
<testsuite skipped="0" hostname="DESKTOP-VGU5P9Q" name="TestNG.practice" tests="1" failures="0" timestamp="2020-12-05T20:02:44 IST" time="0.005" errors="0">
  <testcase name="aaa" time="0.005" classname="TestNG.practice"/>
  <system-out/>
</testsuite> <!-- TestNG.practice -->
