<?xml version="1.0" encoding="UTF-8"?>
<!-- Generated by org.testng.reporters.JUnitReportReporter -->
<testsuite skipped="0" hostname="DESKTOP-VGU5P9Q" name="TestNG.ExecuteOnlyFailedTC1" tests="1" failures="0" timestamp="2020-12-08T09:43:19 IST" time="0.001" errors="0">
  <testcase name="TC6" time="0.001" classname="TestNG.ExecuteOnlyFailedTC1"/>
  <system-out>
Running TC6  </system-out>
</testsuite> <!-- TestNG.ExecuteOnlyFailedTC1 -->
