<?xml version="1.0" encoding="UTF-8"?>
<!-- Generated by org.testng.reporters.JUnitReportReporter -->
<testsuite skipped="0" hostname="DESKTOP-VGU5P9Q" name="TestNG.DisableTCExecutionFromSuite" tests="2" failures="0" timestamp="2020-12-08T09:52:55 IST" time="0.005" errors="0">
  <testcase name="TC1" time="0.005" classname="TestNG.DisableTCExecutionFromSuite"/>
  <system-out>
Running TC1  </system-out>
  <testcase name="TC2" time="0.000" classname="TestNG.DisableTCExecutionFromSuite"/>
  <system-out>
Running TC2  </system-out>
</testsuite> <!-- TestNG.DisableTCExecutionFromSuite -->
