<?xml version="1.0" encoding="UTF-8"?>
<!-- Generated by org.testng.reporters.JUnitReportReporter -->
<testsuite skipped="0" hostname="DESKTOP-VGU5P9Q" name="POM_DDF_TestNG.KiteLoginTest" tests="1" failures="0" timestamp="2020-12-04T09:53:26 IST" time="1.688" errors="0">
  <testcase name="verifyPN" time="1.688" classname="POM_DDF_TestNG.KiteLoginTest"/>
  <system-out/>
</testsuite> <!-- POM_DDF_TestNG.KiteLoginTest -->
