<?xml version="1.0" encoding="UTF-8"?>
<!-- Generated by org.testng.reporters.JUnitReportReporter -->
<testsuite skipped="0" hostname="DESKTOP-VGU5P9Q" name="TestNG.ExecuteOnlyFailedTC" tests="1" failures="0" timestamp="2020-12-08T09:43:19 IST" time="0.005" errors="0">
  <testcase name="TC3" time="0.005" classname="TestNG.ExecuteOnlyFailedTC"/>
  <system-out>
Running TC3  </system-out>
</testsuite> <!-- TestNG.ExecuteOnlyFailedTC -->
