<?xml version="1.0" encoding="UTF-8"?>
<!-- Generated by org.testng.reporters.JUnitReportReporter -->
<testsuite skipped="0" hostname="DESKTOP-VGU5P9Q" name="TestNG.SoftAssert_Example" tests="1" failures="0" timestamp="2020-12-03T08:46:55 IST" time="0.008" errors="0">
  <testcase name="TC1" time="0.008" classname="TestNG.SoftAssert_Example"/>
  <system-out>
running TC  </system-out>
</testsuite> <!-- TestNG.SoftAssert_Example -->
